0 info it worked if it ends with ok
1 verbose cli [ 'node', '/usr/local/bin/npm', 'install', 'api-easy' ]
2 info using npm@1.4.21
3 info using node@v0.10.30
4 verbose readDependencies using package.json deps
5 verbose cache add [ 'api-easy', null ]
6 verbose cache add name=undefined spec="api-easy" args=["api-easy",null]
7 verbose parsed url { protocol: null,
7 verbose parsed url   slashes: null,
7 verbose parsed url   auth: null,
7 verbose parsed url   host: null,
7 verbose parsed url   port: null,
7 verbose parsed url   hostname: null,
7 verbose parsed url   hash: null,
7 verbose parsed url   search: null,
7 verbose parsed url   query: null,
7 verbose parsed url   pathname: 'api-easy',
7 verbose parsed url   path: 'api-easy',
7 verbose parsed url   href: 'api-easy' }
8 silly lockFile cb7b8982-api-easy api-easy
9 verbose lock api-easy /Users/radjiv/.npm/cb7b8982-api-easy.lock
10 silly lockFile cb7b8982-api-easy api-easy
11 silly lockFile cb7b8982-api-easy api-easy
12 verbose addNamed [ 'api-easy', '' ]
13 verbose addNamed [ null, '*' ]
14 silly lockFile 76f207c9-api-easy api-easy@
15 verbose lock api-easy@ /Users/radjiv/.npm/76f207c9-api-easy.lock
16 silly addNameRange { name: 'api-easy', range: '*', hasData: false }
17 verbose request where is /api-easy
18 verbose request registry https://registry.npmjs.org/
19 verbose request id 23492e4379af40b2
20 verbose url raw /api-easy
21 verbose url resolving [ 'https://registry.npmjs.org/', './api-easy' ]
22 verbose url resolved https://registry.npmjs.org/api-easy
23 verbose request where is https://registry.npmjs.org/api-easy
24 info trying registry request attempt 1 at 23:35:21
25 http GET https://registry.npmjs.org/api-easy
26 http 200 https://registry.npmjs.org/api-easy
27 silly registry.get cb [ 200,
27 silly registry.get   { date: 'Mon, 24 Nov 2014 22:35:22 GMT',
27 silly registry.get     server: 'CouchDB/1.5.0 (Erlang OTP/R16B03)',
27 silly registry.get     etag: '"2VAF6CP0B3FXQ5X00ESU19HSF"',
27 silly registry.get     'content-type': 'application/json',
27 silly registry.get     'cache-control': 'max-age=60',
27 silly registry.get     'content-length': '48620',
27 silly registry.get     'accept-ranges': 'bytes',
27 silly registry.get     via: '1.1 varnish',
27 silly registry.get     age: '0',
27 silly registry.get     'x-served-by': 'cache-lcy1135-LCY',
27 silly registry.get     'x-cache': 'MISS',
27 silly registry.get     'x-cache-hits': '0',
27 silly registry.get     'x-timer': 'S1416868521.432792,VS0,VE917',
27 silly registry.get     vary: 'Accept',
27 silly registry.get     'keep-alive': 'timeout=10, max=50',
27 silly registry.get     connection: 'Keep-Alive' } ]
28 silly addNameRange number 2 { name: 'api-easy', range: '*', hasData: true }
29 silly addNameRange versions [ 'api-easy',
29 silly addNameRange   [ '0.2.3',
29 silly addNameRange     '0.2.4',
29 silly addNameRange     '0.3.0',
29 silly addNameRange     '0.3.1',
29 silly addNameRange     '0.3.2',
29 silly addNameRange     '0.3.3',
29 silly addNameRange     '0.3.4',
29 silly addNameRange     '0.3.5',
29 silly addNameRange     '0.3.6',
29 silly addNameRange     '0.3.7',
29 silly addNameRange     '0.3.8' ] ]
30 verbose addNamed [ 'api-easy', '0.3.8' ]
31 verbose addNamed [ '0.3.8', '0.3.8' ]
32 silly lockFile e539300f-api-easy-0-3-8 api-easy@0.3.8
33 verbose lock api-easy@0.3.8 /Users/radjiv/.npm/e539300f-api-easy-0-3-8.lock
34 silly lockFile dc41b84b--org-api-easy-api-easy-0-3-8-tgz https://registry.npmjs.org/api-easy/-/api-easy-0.3.8.tgz
35 verbose lock https://registry.npmjs.org/api-easy/-/api-easy-0.3.8.tgz /Users/radjiv/.npm/dc41b84b--org-api-easy-api-easy-0-3-8-tgz.lock
36 verbose addRemoteTarball [ 'https://registry.npmjs.org/api-easy/-/api-easy-0.3.8.tgz',
36 verbose addRemoteTarball   '324b554fa4106e8e8d8ce01989042b072a0b708c' ]
37 info retry fetch attempt 1 at 23:35:23
38 verbose fetch to= /var/folders/qf/rwk978c504143k6xcdg2csd80000gn/T/npm-2587-rKm_7sz9/registry.npmjs.org/api-easy/-/api-easy-0.3.8.tgz
39 http GET https://registry.npmjs.org/api-easy/-/api-easy-0.3.8.tgz
40 http 200 https://registry.npmjs.org/api-easy/-/api-easy-0.3.8.tgz
41 silly lockFile dc41b84b--org-api-easy-api-easy-0-3-8-tgz https://registry.npmjs.org/api-easy/-/api-easy-0.3.8.tgz
42 silly lockFile dc41b84b--org-api-easy-api-easy-0-3-8-tgz https://registry.npmjs.org/api-easy/-/api-easy-0.3.8.tgz
43 silly lockFile e539300f-api-easy-0-3-8 api-easy@0.3.8
44 silly lockFile e539300f-api-easy-0-3-8 api-easy@0.3.8
45 silly lockFile 76f207c9-api-easy api-easy@
46 silly lockFile 76f207c9-api-easy api-easy@
47 silly resolved [ { name: 'api-easy',
47 silly resolved     description: 'Fluent (i.e. chainable) syntax for generating vows tests against RESTful APIs.',
47 silly resolved     version: '0.3.8',
47 silly resolved     author: { name: 'Nodejitsu Inc.', email: 'info@nodejitsu.com' },
47 silly resolved     maintainers: [ [Object] ],
47 silly resolved     repository: { type: 'git', url: 'http://github.com/flatiron/api-easy.git' },
47 silly resolved     keywords: [ 'testing', 'api', 'REST', 'vows' ],
47 silly resolved     dependencies: { pkginfo: '0.3.x', request: '2.x.x', vows: '0.7.x', qs: '0.5.x' },
47 silly resolved     devDependencies: { director: '~1.0.3', formidable: '1.0.2', mkdirp: '0.2.x' },
47 silly resolved     main: './lib/api-easy',
47 silly resolved     scripts: { test: 'vows test/*-test.js --spec' },
47 silly resolved     engines: { node: '>= 0.4.3' },
47 silly resolved     readme: '# APIeasy [![Build Status](https://secure.travis-ci.org/flatiron/api-easy.png)](http://travis-ci.org/flatiron/api-easy)\n\nA fluent (i.e. chainable) syntax for generating vows tests against RESTful APIs.\n\n## Installation\n\n### Installing npm (node package manager)\n``` bash\n  $ curl http://npmjs.org/install.sh | sh\n```\n\n### Installing APIeasy\n``` bash\n  $ [sudo] npm install api-easy\n```\n\n## Purpose\nAPIeasy is designed to be a simple way to test RESTful APIs in [node.js][0] and Javascript. The primary design goal was to reduce the number of lines of test code required to fully cover all primary and edge use cases of a given API over HTTP.\n\n## Getting Started\nMost of the documentation for this library is available through the [annotated source code, available here][1] thanks to [jashkenas][2] and [docco][3]. If you\'re not feeling up for that, just keep reading here. tldr;? [Read how to use APIeasy in your own projects][4]\n\nIf you\'re going to use APIeasy (and I hope you do), it\'s worth taking a moment to understand the way that [vows][5] manages flow control. Read up here on [vowsjs.org][5] (Under "Structure of a test suite"), or just remember vows uses this grammatical structure:\n\n```\n  Suite   → Batch*\n  Batch   → Context*\n  Context → Topic? Vow* Context*\n```\n\nGot it? Good. There is a 1-to-1 relationship between a APIeasy suite and a vows suite; APIeasy is essentially a simpler syntax to manage a particular set of vows-based tests that conform to this pattern:\n\n1. Tests are performed by making HTTP requests against an API server\n2. Assertions are made against the HTTP response and JSON response body\n3. Rinse. Repeat.\n\nHere\'s a sample of the boilerplate code that APIeasy eliminates:\n\n``` js\n  var request = require(\'request\'),\n      vows = require(\'vows\'),\n      assert = require(\'assert\');\n\n  vows.describe(\'your/awesome/api\').addBatch({\n    "When using your awesome api": {\n      "and your awesome resource": {\n        "A POST to /awesome": {\n          topic: function () {\n            request({\n              uri: \'http://localhost:8080/awesome\',\n              method: \'POST\',\n              body: JSON.stringify({ test: \'data\' }),\n              headers: {\n                \'Content-Type\': \'application/json\'\n              }\n            }, this.callback)\n          },\n          "should respond with 200": function (err, res, body) {\n            assert.equal(res.statusCode, 200);\n          },\n          "should respond with ok": function (err, res, body) {\n            var result = JSON.parse(body);\n            assert.equal(result.ok, true);\n          },\n          "should respond with x-test-header": function (err, res, body) {\n            assert.include(res.headers, \'x-test-header\');\n          }\n        }\n      }\n    }\n  }).export(module);\n```\n\nThis same code can be implemented like this using APIeasy:\n\n``` js\n  var APIeasy = require(\'api-easy\'),\n      assert = require(\'assert\');\n\n  var suite = APIeasy.describe(\'your/awesome/api\');\n\n  suite.discuss(\'When using your awesome API\')\n       .discuss(\'and your awesome resource\')\n       .use(\'localhost\', 8080)\n       .setHeader(\'Content-Type\', \'application/json\')\n       .post(\'/awesome\', { test: \'data\' })\n         .expect(200, { ok: true })\n         .expect(\'should respond with x-test-header\', function (err, res, body) {\n           assert.include(res.headers, \'x-test-header\');\n         })\n       .export(module);\n```\n\n<a name="using-api-easy">\n## Using APIeasy in your own project\nThere are two ways to use APIeasy in your own project:\n\n1. Using npm\n2. Using vows directly\n\n### Using APIeasy with npm\nIf you\'ve used the `npm test` command in [npm][7] before, this should be nothing new. You can read more about the [npm test command here][8]. All you need to do is add the following to your `package.json` file:\n\n``` js\n {\n   "dependencies": {\n     "api-easy": "0.2.x"\n   },\n   "scripts": {\n     "test": "vows test/*-test.js"\n   }\n }\n```\n\n**Note:** `test/*-test.js` is at your discretion. It\'s just an expression for all test files in your project.\n\nAfter adding this to your `package.json` file you can run the following to execute your tests:\n\n``` bash\n  $ cd path/to/your/project\n  $ npm install\n  $ npm test\n```\n\nThere is also a full working sample of how to use this approach [here][9].\n\n### Using APIeasy with vows\nWhen you install APIeasy or take it as a dependency in your `package.json` file it will not install [vows][5] globally, so to use vows you must install it globally.\n\n``` bash\n  $ [sudo] npm install vows -g\n```\n\nAfter installing vows you can simply run it from inside your project:\n\n``` bash\n  $ cd /path/to/your/project\n  $ vows\n```\n\n## Roadmap\n\n1. [Get feedback][6] on what else could be exposed through this library.\n2. Improve it.\n3. Repeat (1) + (2).\n\n## Run Tests\n<pre>\n  npm test\n</pre>\n\n#### Author: [Charlie Robbins](http://nodejitsu.com)\n\n[0]: http://nodejs.org\n[1]: http://flatiron.github.com/api-easy\n[2]: http://github.com/jashkenas\n[3]: http://github.com/jashkenas/docco\n[4]: #using-api-easy\n[5]: http://vowsjs.org\n[6]: http://github.com/flatiron/api-easy/issues\n[7]: http://npmjs.org\n[8]: https://github.com/isaacs/npm/blob/master/doc/test.md\n[9]: https://gist.github.com/1039425\n',
47 silly resolved     readmeFilename: 'README.md',
47 silly resolved     _id: 'api-easy@0.3.8',
47 silly resolved     dist:
47 silly resolved      { shasum: '324b554fa4106e8e8d8ce01989042b072a0b708c',
47 silly resolved        tarball: 'http://registry.npmjs.org/api-easy/-/api-easy-0.3.8.tgz' },
47 silly resolved     _from: 'api-easy@',
47 silly resolved     _npmVersion: '1.2.14',
47 silly resolved     _npmUser: { name: 'indexzero', email: 'charlie.robbins@gmail.com' },
47 silly resolved     directories: {},
47 silly resolved     _shasum: '324b554fa4106e8e8d8ce01989042b072a0b708c',
47 silly resolved     _resolved: 'https://registry.npmjs.org/api-easy/-/api-easy-0.3.8.tgz' } ]
48 info install api-easy@0.3.8 into /Users/radjiv/Documents/workspace/nodeJsWorkspace/interactionNodeRedis/redisRESTAPI
49 info installOne api-easy@0.3.8
50 verbose node_modules/api-easy unbuild
51 verbose tar unpack /Users/radjiv/.npm/api-easy/0.3.8/package.tgz
52 silly lockFile a0d0a1f6-disRESTAPI-node-modules-api-easy tar:///Users/radjiv/Documents/workspace/nodeJsWorkspace/interactionNodeRedis/redisRESTAPI/node_modules/api-easy
53 verbose lock tar:///Users/radjiv/Documents/workspace/nodeJsWorkspace/interactionNodeRedis/redisRESTAPI/node_modules/api-easy /Users/radjiv/.npm/a0d0a1f6-disRESTAPI-node-modules-api-easy.lock
54 silly lockFile 434935f2-v-npm-api-easy-0-3-8-package-tgz tar:///Users/radjiv/.npm/api-easy/0.3.8/package.tgz
55 verbose lock tar:///Users/radjiv/.npm/api-easy/0.3.8/package.tgz /Users/radjiv/.npm/434935f2-v-npm-api-easy-0-3-8-package-tgz.lock
56 silly gunzTarPerm modes [ '755', '644' ]
57 silly gunzTarPerm extractEntry package.json
58 silly gunzTarPerm extractEntry .npmignore
59 silly gunzTarPerm extractEntry README.md
60 silly gunzTarPerm extractEntry LICENSE
61 silly gunzTarPerm extractEntry .travis.yml
62 silly gunzTarPerm extractEntry docs/api-easy.html
63 silly gunzTarPerm extractEntry docs/docco.css
64 silly gunzTarPerm extractEntry examples/simple-example.js
65 silly gunzTarPerm extractEntry lib/api-easy.js
66 silly gunzTarPerm extractEntry test/core-test.js
67 silly gunzTarPerm extractEntry test/helpers.js
68 silly gunzTarPerm extractEntry test/run-test.js
69 silly gunzTarPerm extractEntry test/upload-test.js
70 silly gunzTarPerm extractEntry test/vows-test.js
71 silly gunzTarPerm extractEntry test/file.txt
72 silly lockFile a0d0a1f6-disRESTAPI-node-modules-api-easy tar:///Users/radjiv/Documents/workspace/nodeJsWorkspace/interactionNodeRedis/redisRESTAPI/node_modules/api-easy
73 silly lockFile a0d0a1f6-disRESTAPI-node-modules-api-easy tar:///Users/radjiv/Documents/workspace/nodeJsWorkspace/interactionNodeRedis/redisRESTAPI/node_modules/api-easy
74 silly lockFile 434935f2-v-npm-api-easy-0-3-8-package-tgz tar:///Users/radjiv/.npm/api-easy/0.3.8/package.tgz
75 silly lockFile 434935f2-v-npm-api-easy-0-3-8-package-tgz tar:///Users/radjiv/.npm/api-easy/0.3.8/package.tgz
76 info preinstall api-easy@0.3.8
77 verbose readDependencies using package.json deps
78 verbose readDependencies using package.json deps
79 verbose cache add [ 'pkginfo@0.3.x', null ]
80 verbose cache add name=undefined spec="pkginfo@0.3.x" args=["pkginfo@0.3.x",null]
81 verbose parsed url { protocol: null,
81 verbose parsed url   slashes: null,
81 verbose parsed url   auth: null,
81 verbose parsed url   host: null,
81 verbose parsed url   port: null,
81 verbose parsed url   hostname: null,
81 verbose parsed url   hash: null,
81 verbose parsed url   search: null,
81 verbose parsed url   query: null,
81 verbose parsed url   pathname: 'pkginfo@0.3.x',
81 verbose parsed url   path: 'pkginfo@0.3.x',
81 verbose parsed url   href: 'pkginfo@0.3.x' }
82 verbose cache add [ 'request@2.x.x', null ]
83 verbose cache add name=undefined spec="request@2.x.x" args=["request@2.x.x",null]
84 verbose parsed url { protocol: null,
84 verbose parsed url   slashes: null,
84 verbose parsed url   auth: null,
84 verbose parsed url   host: null,
84 verbose parsed url   port: null,
84 verbose parsed url   hostname: null,
84 verbose parsed url   hash: null,
84 verbose parsed url   search: null,
84 verbose parsed url   query: null,
84 verbose parsed url   pathname: 'request@2.x.x',
84 verbose parsed url   path: 'request@2.x.x',
84 verbose parsed url   href: 'request@2.x.x' }
85 verbose cache add name="pkginfo" spec="0.3.x" args=["pkginfo","0.3.x"]
86 verbose parsed url { protocol: null,
86 verbose parsed url   slashes: null,
86 verbose parsed url   auth: null,
86 verbose parsed url   host: null,
86 verbose parsed url   port: null,
86 verbose parsed url   hostname: null,
86 verbose parsed url   hash: null,
86 verbose parsed url   search: null,
86 verbose parsed url   query: null,
86 verbose parsed url   pathname: '0.3.x',
86 verbose parsed url   path: '0.3.x',
86 verbose parsed url   href: '0.3.x' }
87 verbose addNamed [ 'pkginfo', '0.3.x' ]
88 verbose addNamed [ null, '>=0.3.0-0 <0.4.0-0' ]
89 silly lockFile 8a96e45f-pkginfo-0-3-x pkginfo@0.3.x
90 verbose lock pkginfo@0.3.x /Users/radjiv/.npm/8a96e45f-pkginfo-0-3-x.lock
91 verbose cache add name="request" spec="2.x.x" args=["request","2.x.x"]
92 verbose parsed url { protocol: null,
92 verbose parsed url   slashes: null,
92 verbose parsed url   auth: null,
92 verbose parsed url   host: null,
92 verbose parsed url   port: null,
92 verbose parsed url   hostname: null,
92 verbose parsed url   hash: null,
92 verbose parsed url   search: null,
92 verbose parsed url   query: null,
92 verbose parsed url   pathname: '2.x.x',
92 verbose parsed url   path: '2.x.x',
92 verbose parsed url   href: '2.x.x' }
93 verbose addNamed [ 'request', '2.x.x' ]
94 verbose addNamed [ null, '>=2.0.0-0 <3.0.0-0' ]
95 silly lockFile 9215652f-request-2-x-x request@2.x.x
96 verbose lock request@2.x.x /Users/radjiv/.npm/9215652f-request-2-x-x.lock
97 verbose cache add [ 'vows@0.7.x', null ]
98 verbose cache add name=undefined spec="vows@0.7.x" args=["vows@0.7.x",null]
99 verbose parsed url { protocol: null,
99 verbose parsed url   slashes: null,
99 verbose parsed url   auth: null,
99 verbose parsed url   host: null,
99 verbose parsed url   port: null,
99 verbose parsed url   hostname: null,
99 verbose parsed url   hash: null,
99 verbose parsed url   search: null,
99 verbose parsed url   query: null,
99 verbose parsed url   pathname: 'vows@0.7.x',
99 verbose parsed url   path: 'vows@0.7.x',
99 verbose parsed url   href: 'vows@0.7.x' }
100 verbose cache add [ 'qs@0.5.x', null ]
101 verbose cache add name=undefined spec="qs@0.5.x" args=["qs@0.5.x",null]
102 verbose parsed url { protocol: null,
102 verbose parsed url   slashes: null,
102 verbose parsed url   auth: null,
102 verbose parsed url   host: null,
102 verbose parsed url   port: null,
102 verbose parsed url   hostname: null,
102 verbose parsed url   hash: null,
102 verbose parsed url   search: null,
102 verbose parsed url   query: null,
102 verbose parsed url   pathname: 'qs@0.5.x',
102 verbose parsed url   path: 'qs@0.5.x',
102 verbose parsed url   href: 'qs@0.5.x' }
103 verbose cache add name="vows" spec="0.7.x" args=["vows","0.7.x"]
104 verbose parsed url { protocol: null,
104 verbose parsed url   slashes: null,
104 verbose parsed url   auth: null,
104 verbose parsed url   host: null,
104 verbose parsed url   port: null,
104 verbose parsed url   hostname: null,
104 verbose parsed url   hash: null,
104 verbose parsed url   search: null,
104 verbose parsed url   query: null,
104 verbose parsed url   pathname: '0.7.x',
104 verbose parsed url   path: '0.7.x',
104 verbose parsed url   href: '0.7.x' }
105 verbose addNamed [ 'vows', '0.7.x' ]
106 verbose addNamed [ null, '>=0.7.0-0 <0.8.0-0' ]
107 silly lockFile bd0c7f15-vows-0-7-x vows@0.7.x
108 verbose lock vows@0.7.x /Users/radjiv/.npm/bd0c7f15-vows-0-7-x.lock
109 silly addNameRange { name: 'pkginfo', range: '>=0.3.0-0 <0.4.0-0', hasData: false }
110 verbose cache add name="qs" spec="0.5.x" args=["qs","0.5.x"]
111 verbose parsed url { protocol: null,
111 verbose parsed url   slashes: null,
111 verbose parsed url   auth: null,
111 verbose parsed url   host: null,
111 verbose parsed url   port: null,
111 verbose parsed url   hostname: null,
111 verbose parsed url   hash: null,
111 verbose parsed url   search: null,
111 verbose parsed url   query: null,
111 verbose parsed url   pathname: '0.5.x',
111 verbose parsed url   path: '0.5.x',
111 verbose parsed url   href: '0.5.x' }
112 verbose addNamed [ 'qs', '0.5.x' ]
113 verbose addNamed [ null, '>=0.5.0-0 <0.6.0-0' ]
114 silly lockFile eb8e0990-qs-0-5-x qs@0.5.x
115 verbose lock qs@0.5.x /Users/radjiv/.npm/eb8e0990-qs-0-5-x.lock
116 silly addNameRange { name: 'request', range: '>=2.0.0-0 <3.0.0-0', hasData: false }
117 silly addNameRange { name: 'vows', range: '>=0.7.0-0 <0.8.0-0', hasData: false }
118 silly addNameRange { name: 'qs', range: '>=0.5.0-0 <0.6.0-0', hasData: false }
119 verbose request where is /vows
120 verbose request registry https://registry.npmjs.org/
121 verbose url raw /vows
122 verbose url resolving [ 'https://registry.npmjs.org/', './vows' ]
123 verbose url resolved https://registry.npmjs.org/vows
124 verbose request where is https://registry.npmjs.org/vows
125 info trying registry request attempt 1 at 23:35:26
126 http GET https://registry.npmjs.org/vows
127 verbose request where is /pkginfo
128 verbose request registry https://registry.npmjs.org/
129 verbose url raw /pkginfo
130 verbose url resolving [ 'https://registry.npmjs.org/', './pkginfo' ]
131 verbose url resolved https://registry.npmjs.org/pkginfo
132 verbose request where is https://registry.npmjs.org/pkginfo
133 info trying registry request attempt 1 at 23:35:26
134 verbose etag "2F9TKVK93HZMH7DO1FMIY6YYR"
135 http GET https://registry.npmjs.org/pkginfo
136 verbose request where is /request
137 verbose request registry https://registry.npmjs.org/
138 verbose url raw /request
139 verbose url resolving [ 'https://registry.npmjs.org/', './request' ]
140 verbose url resolved https://registry.npmjs.org/request
141 verbose request where is https://registry.npmjs.org/request
142 info trying registry request attempt 1 at 23:35:26
143 verbose etag "809GDYF9FZMOG3PXDLHT4PNAY"
144 http GET https://registry.npmjs.org/request
145 verbose request where is /qs
146 verbose request registry https://registry.npmjs.org/
147 verbose url raw /qs
148 verbose url resolving [ 'https://registry.npmjs.org/', './qs' ]
149 verbose url resolved https://registry.npmjs.org/qs
150 verbose request where is https://registry.npmjs.org/qs
151 info trying registry request attempt 1 at 23:35:27
152 verbose etag "AXU1DUB243YGO8T0RLIO82QML"
153 http GET https://registry.npmjs.org/qs
154 http 304 https://registry.npmjs.org/qs
155 silly registry.get cb [ 304,
155 silly registry.get   { date: 'Mon, 24 Nov 2014 22:35:26 GMT',
155 silly registry.get     server: 'Apache',
155 silly registry.get     via: '1.1 varnish',
155 silly registry.get     'last-modified': 'Mon, 24 Nov 2014 22:35:13 GMT',
155 silly registry.get     'cache-control': 'max-age=60',
155 silly registry.get     etag: '"AXU1DUB243YGO8T0RLIO82QML"',
155 silly registry.get     age: '31',
155 silly registry.get     'x-served-by': 'cache-lcy1123-LCY',
155 silly registry.get     'x-cache': 'HIT',
155 silly registry.get     'x-cache-hits': '2',
155 silly registry.get     'x-timer': 'S1416868526.892021,VS0,VE0',
155 silly registry.get     vary: 'Accept',
155 silly registry.get     'content-length': '0',
155 silly registry.get     'keep-alive': 'timeout=10, max=50',
155 silly registry.get     connection: 'Keep-Alive' } ]
156 verbose etag https://registry.npmjs.org/qs from cache
157 silly addNameRange number 2 { name: 'qs', range: '>=0.5.0-0 <0.6.0-0', hasData: true }
158 silly addNameRange versions [ 'qs',
158 silly addNameRange   [ '0.0.1',
158 silly addNameRange     '0.0.2',
158 silly addNameRange     '0.0.3',
158 silly addNameRange     '0.0.4',
158 silly addNameRange     '0.0.5',
158 silly addNameRange     '0.0.6',
158 silly addNameRange     '0.0.7',
158 silly addNameRange     '0.1.0',
158 silly addNameRange     '0.2.0',
158 silly addNameRange     '0.3.0',
158 silly addNameRange     '0.3.1',
158 silly addNameRange     '0.3.2',
158 silly addNameRange     '0.4.0',
158 silly addNameRange     '0.4.1',
158 silly addNameRange     '0.4.2',
158 silly addNameRange     '0.5.0',
158 silly addNameRange     '0.5.1',
158 silly addNameRange     '0.5.2',
158 silly addNameRange     '0.5.3',
158 silly addNameRange     '0.5.4',
158 silly addNameRange     '0.5.5',
158 silly addNameRange     '0.5.6',
158 silly addNameRange     '0.6.0',
158 silly addNameRange     '0.6.1',
158 silly addNameRange     '0.6.2',
158 silly addNameRange     '0.6.3',
158 silly addNameRange     '0.6.4',
158 silly addNameRange     '0.6.5',
158 silly addNameRange     '0.6.6',
158 silly addNameRange     '1.0.0',
158 silly addNameRange     '1.0.1',
158 silly addNameRange     '1.0.2',
158 silly addNameRange     '1.1.0',
158 silly addNameRange     '1.2.0',
158 silly addNameRange     '1.2.1',
158 silly addNameRange     '1.2.2',
158 silly addNameRange     '2.0.0',
158 silly addNameRange     '2.1.0',
158 silly addNameRange     '2.2.0',
158 silly addNameRange     '2.2.1',
158 silly addNameRange     '2.2.2',
158 silly addNameRange     '2.2.3',
158 silly addNameRange     '2.2.4',
158 silly addNameRange     '2.2.5',
158 silly addNameRange     '2.3.0',
158 silly addNameRange     '2.3.1',
158 silly addNameRange     '2.3.2',
158 silly addNameRange     '2.3.3' ] ]
159 verbose addNamed [ 'qs', '0.5.6' ]
160 verbose addNamed [ '0.5.6', '0.5.6' ]
161 silly lockFile 84168241-qs-0-5-6 qs@0.5.6
162 verbose lock qs@0.5.6 /Users/radjiv/.npm/84168241-qs-0-5-6.lock
163 silly lockFile 84168241-qs-0-5-6 qs@0.5.6
164 silly lockFile 84168241-qs-0-5-6 qs@0.5.6
165 silly lockFile eb8e0990-qs-0-5-x qs@0.5.x
166 silly lockFile eb8e0990-qs-0-5-x qs@0.5.x
167 http 304 https://registry.npmjs.org/pkginfo
168 silly registry.get cb [ 304,
168 silly registry.get   { date: 'Mon, 24 Nov 2014 22:35:26 GMT',
168 silly registry.get     server: 'Apache',
168 silly registry.get     via: '1.1 varnish',
168 silly registry.get     'last-modified': 'Mon, 24 Nov 2014 22:35:26 GMT',
168 silly registry.get     'cache-control': 'max-age=60',
168 silly registry.get     etag: '"2F9TKVK93HZMH7DO1FMIY6YYR"',
168 silly registry.get     age: '0',
168 silly registry.get     'x-served-by': 'cache-lcy1134-LCY',
168 silly registry.get     'x-cache': 'HIT',
168 silly registry.get     'x-cache-hits': '1',
168 silly registry.get     'x-timer': 'S1416868526.878934,VS0,VE83',
168 silly registry.get     vary: 'Accept',
168 silly registry.get     'content-length': '0',
168 silly registry.get     'keep-alive': 'timeout=10, max=50',
168 silly registry.get     connection: 'Keep-Alive' } ]
169 verbose etag https://registry.npmjs.org/pkginfo from cache
170 silly addNameRange number 2 { name: 'pkginfo', range: '>=0.3.0-0 <0.4.0-0', hasData: true }
171 silly addNameRange versions [ 'pkginfo', [ '0.2.1', '0.2.2', '0.2.3', '0.3.0' ] ]
172 verbose addNamed [ 'pkginfo', '0.3.0' ]
173 verbose addNamed [ '0.3.0', '0.3.0' ]
174 silly lockFile c6150d55-pkginfo-0-3-0 pkginfo@0.3.0
175 verbose lock pkginfo@0.3.0 /Users/radjiv/.npm/c6150d55-pkginfo-0-3-0.lock
176 silly lockFile c6150d55-pkginfo-0-3-0 pkginfo@0.3.0
177 silly lockFile c6150d55-pkginfo-0-3-0 pkginfo@0.3.0
178 silly lockFile 8a96e45f-pkginfo-0-3-x pkginfo@0.3.x
179 silly lockFile 8a96e45f-pkginfo-0-3-x pkginfo@0.3.x
180 http 200 https://registry.npmjs.org/request
181 silly registry.get cb [ 200,
181 silly registry.get   { date: 'Mon, 24 Nov 2014 22:35:26 GMT',
181 silly registry.get     server: 'CouchDB/1.5.0 (Erlang OTP/R16B03)',
181 silly registry.get     etag: '"6JZHB92IEOGM5EBHIHKOO6EIE"',
181 silly registry.get     'content-type': 'application/json',
181 silly registry.get     'cache-control': 'max-age=60',
181 silly registry.get     'content-length': '126711',
181 silly registry.get     'accept-ranges': 'bytes',
181 silly registry.get     via: '1.1 varnish',
181 silly registry.get     age: '43',
181 silly registry.get     'x-served-by': 'cache-lcy1122-LCY',
181 silly registry.get     'x-cache': 'HIT',
181 silly registry.get     'x-cache-hits': '1',
181 silly registry.get     'x-timer': 'S1416868526.885516,VS0,VE0',
181 silly registry.get     vary: 'Accept',
181 silly registry.get     'keep-alive': 'timeout=10, max=50',
181 silly registry.get     connection: 'Keep-Alive' } ]
182 silly addNameRange number 2 { name: 'request', range: '>=2.0.0-0 <3.0.0-0', hasData: true }
183 silly addNameRange versions [ 'request',
183 silly addNameRange   [ '0.10.0',
183 silly addNameRange     '0.8.3',
183 silly addNameRange     '0.9.0',
183 silly addNameRange     '0.9.1',
183 silly addNameRange     '0.9.5',
183 silly addNameRange     '1.0.0',
183 silly addNameRange     '1.1.0',
183 silly addNameRange     '1.1.1',
183 silly addNameRange     '1.2.0',
183 silly addNameRange     '1.9.0',
183 silly addNameRange     '1.9.1',
183 silly addNameRange     '1.9.2',
183 silly addNameRange     '1.9.3',
183 silly addNameRange     '1.9.5',
183 silly addNameRange     '1.9.7',
183 silly addNameRange     '1.9.8',
183 silly addNameRange     '1.9.9',
183 silly addNameRange     '2.0.0',
183 silly addNameRange     '2.0.1',
183 silly addNameRange     '2.0.2',
183 silly addNameRange     '2.0.3',
183 silly addNameRange     '2.0.4',
183 silly addNameRange     '2.0.5',
183 silly addNameRange     '2.1.0',
183 silly addNameRange     '2.1.1',
183 silly addNameRange     '2.2.0',
183 silly addNameRange     '2.2.5',
183 silly addNameRange     '2.2.6',
183 silly addNameRange     '2.2.9',
183 silly addNameRange     '2.9.0',
183 silly addNameRange     '2.9.1',
183 silly addNameRange     '2.9.2',
183 silly addNameRange     '2.9.3',
183 silly addNameRange     '2.9.100',
183 silly addNameRange     '2.9.150',
183 silly addNameRange     '2.9.151',
183 silly addNameRange     '2.9.152',
183 silly addNameRange     '2.9.153',
183 silly addNameRange     '2.9.200',
183 silly addNameRange     '2.9.201',
183 silly addNameRange     '2.9.202',
183 silly addNameRange     '2.9.203',
183 silly addNameRange     '2.10.0',
183 silly addNameRange     '2.11.0',
183 silly addNameRange     '2.11.1',
183 silly addNameRange     '2.11.2',
183 silly addNameRange     '2.11.3',
183 silly addNameRange     '2.11.4',
183 silly addNameRange     '2.12.0',
183 silly addNameRange     '2.14.0',
183 silly addNameRange     '2.16.0',
183 silly addNameRange     '2.16.2',
183 silly addNameRange     '2.16.4',
183 silly addNameRange     '2.16.6',
183 silly addNameRange     '2.18.0',
183 silly addNameRange     '2.19.0',
183 silly addNameRange     '2.20.0',
183 silly addNameRange     '2.21.0',
183 silly addNameRange     '2.22.0',
183 silly addNameRange     '2.23.0',
183 silly addNameRange     '2.24.0',
183 silly addNameRange     '2.25.0',
183 silly addNameRange     '2.26.0',
183 silly addNameRange     '2.27.0',
183 silly addNameRange     '2.28.0',
183 silly addNameRange     '2.29.0',
183 silly addNameRange     '2.30.0',
183 silly addNameRange     '2.31.0',
183 silly addNameRange     '2.32.0',
183 silly addNameRange     '2.33.0',
183 silly addNameRange     '2.34.0',
183 silly addNameRange     '2.35.0',
183 silly addNameRange     '2.36.0',
183 silly addNameRange     '2.37.0',
183 silly addNameRange     '2.38.0',
183 silly addNameRange     '2.39.0',
183 silly addNameRange     '2.40.0',
183 silly addNameRange     '2.41.0',
183 silly addNameRange     '2.42.0',
183 silly addNameRange     '2.43.0',
183 silly addNameRange     '2.44.0',
183 silly addNameRange     '2.45.0',
183 silly addNameRange     '2.46.0',
183 silly addNameRange     '2.47.0',
183 silly addNameRange     '2.48.0' ] ]
184 verbose addNamed [ 'request', '2.48.0' ]
185 verbose addNamed [ '2.48.0', '2.48.0' ]
186 silly lockFile af3f4873-request-2-48-0 request@2.48.0
187 verbose lock request@2.48.0 /Users/radjiv/.npm/af3f4873-request-2-48-0.lock
188 silly lockFile 7dca017d-s-org-request-request-2-48-0-tgz https://registry.npmjs.org/request/-/request-2.48.0.tgz
189 verbose lock https://registry.npmjs.org/request/-/request-2.48.0.tgz /Users/radjiv/.npm/7dca017d-s-org-request-request-2-48-0-tgz.lock
190 verbose addRemoteTarball [ 'https://registry.npmjs.org/request/-/request-2.48.0.tgz',
190 verbose addRemoteTarball   '3ae2e091c9698282d58a0e6989ece2638f0f1f28' ]
191 info retry fetch attempt 1 at 23:35:27
192 verbose fetch to= /var/folders/qf/rwk978c504143k6xcdg2csd80000gn/T/npm-2587-rKm_7sz9/registry.npmjs.org/request/-/request-2.48.0.tgz
193 http GET https://registry.npmjs.org/request/-/request-2.48.0.tgz
194 http 200 https://registry.npmjs.org/vows
195 silly registry.get cb [ 200,
195 silly registry.get   { date: 'Mon, 24 Nov 2014 22:35:27 GMT',
195 silly registry.get     server: 'CouchDB/1.5.0 (Erlang OTP/R16B03)',
195 silly registry.get     etag: '"CL2WEECQYGF7IMU75MXQE846V"',
195 silly registry.get     'content-type': 'application/json',
195 silly registry.get     'cache-control': 'max-age=60',
195 silly registry.get     'content-length': '31342',
195 silly registry.get     'accept-ranges': 'bytes',
195 silly registry.get     via: '1.1 varnish',
195 silly registry.get     age: '0',
195 silly registry.get     'x-served-by': 'cache-lcy1135-LCY',
195 silly registry.get     'x-cache': 'HIT',
195 silly registry.get     'x-cache-hits': '1',
195 silly registry.get     'x-timer': 'S1416868526.868708,VS0,VE350',
195 silly registry.get     vary: 'Accept',
195 silly registry.get     'keep-alive': 'timeout=10, max=50',
195 silly registry.get     connection: 'Keep-Alive' } ]
196 http 200 https://registry.npmjs.org/request/-/request-2.48.0.tgz
197 silly addNameRange number 2 { name: 'vows', range: '>=0.7.0-0 <0.8.0-0', hasData: true }
198 silly addNameRange versions [ 'vows',
198 silly addNameRange   [ '0.2.5',
198 silly addNameRange     '0.3.0',
198 silly addNameRange     '0.3.1',
198 silly addNameRange     '0.3.2',
198 silly addNameRange     '0.3.3',
198 silly addNameRange     '0.3.4',
198 silly addNameRange     '0.3.5',
198 silly addNameRange     '0.4.0',
198 silly addNameRange     '0.4.1',
198 silly addNameRange     '0.4.2',
198 silly addNameRange     '0.4.3',
198 silly addNameRange     '0.4.4',
198 silly addNameRange     '0.4.5',
198 silly addNameRange     '0.4.6',
198 silly addNameRange     '0.5.0',
198 silly addNameRange     '0.5.5',
198 silly addNameRange     '0.5.6',
198 silly addNameRange     '0.5.8',
198 silly addNameRange     '0.5.9',
198 silly addNameRange     '0.5.10',
198 silly addNameRange     '0.5.11',
198 silly addNameRange     '0.5.12',
198 silly addNameRange     '0.5.13',
198 silly addNameRange     '0.6.0',
198 silly addNameRange     '0.6.1',
198 silly addNameRange     '0.6.2',
198 silly addNameRange     '0.6.3',
198 silly addNameRange     '0.6.4',
198 silly addNameRange     '0.7.0',
198 silly addNameRange     '0.8.0',
198 silly addNameRange     '0.8.1' ] ]
199 verbose addNamed [ 'vows', '0.7.0' ]
200 verbose addNamed [ '0.7.0', '0.7.0' ]
201 silly lockFile 5c9f8c82-vows-0-7-0 vows@0.7.0
202 verbose lock vows@0.7.0 /Users/radjiv/.npm/5c9f8c82-vows-0-7-0.lock
203 silly lockFile 937cb33b-ry-npmjs-org-vows-vows-0-7-0-tgz https://registry.npmjs.org/vows/-/vows-0.7.0.tgz
204 verbose lock https://registry.npmjs.org/vows/-/vows-0.7.0.tgz /Users/radjiv/.npm/937cb33b-ry-npmjs-org-vows-vows-0-7-0-tgz.lock
205 verbose addRemoteTarball [ 'https://registry.npmjs.org/vows/-/vows-0.7.0.tgz',
205 verbose addRemoteTarball   'dd0065f110ba0c0a6d63e844851c3208176d5867' ]
206 info retry fetch attempt 1 at 23:35:27
207 verbose fetch to= /var/folders/qf/rwk978c504143k6xcdg2csd80000gn/T/npm-2587-rKm_7sz9/registry.npmjs.org/vows/-/vows-0.7.0.tgz
208 http GET https://registry.npmjs.org/vows/-/vows-0.7.0.tgz
209 silly lockFile 7dca017d-s-org-request-request-2-48-0-tgz https://registry.npmjs.org/request/-/request-2.48.0.tgz
210 silly lockFile 7dca017d-s-org-request-request-2-48-0-tgz https://registry.npmjs.org/request/-/request-2.48.0.tgz
211 silly lockFile af3f4873-request-2-48-0 request@2.48.0
212 silly lockFile af3f4873-request-2-48-0 request@2.48.0
213 silly lockFile 9215652f-request-2-x-x request@2.x.x
214 silly lockFile 9215652f-request-2-x-x request@2.x.x
215 verbose about to build /Users/radjiv/Documents/workspace/nodeJsWorkspace/interactionNodeRedis/redisRESTAPI/node_modules/api-easy
216 verbose node_modules/api-easy unbuild
217 info preuninstall api-easy@0.3.8
218 info uninstall api-easy@0.3.8
219 verbose true,/Users/radjiv/Documents/workspace/nodeJsWorkspace/interactionNodeRedis/redisRESTAPI/node_modules,/Users/radjiv/Documents/workspace/nodeJsWorkspace/interactionNodeRedis/redisRESTAPI/node_modules unbuild api-easy@0.3.8
220 info postuninstall api-easy@0.3.8
221 error Error: EACCES, mkdir '/Users/radjiv/.npm/request/2.48.0'
221 error  { [Error: EACCES, mkdir '/Users/radjiv/.npm/request/2.48.0']
221 error   errno: 3,
221 error   code: 'EACCES',
221 error   path: '/Users/radjiv/.npm/request/2.48.0',
221 error   parent: 'api-easy' }
222 error Please try running this command again as root/Administrator.
223 error System Darwin 14.0.0
224 error command "node" "/usr/local/bin/npm" "install" "api-easy"
225 error cwd /Users/radjiv/Documents/workspace/nodeJsWorkspace/interactionNodeRedis/redisRESTAPI
226 error node -v v0.10.30
227 error npm -v 1.4.21
228 error path /Users/radjiv/.npm/request/2.48.0
229 error code EACCES
230 error errno 3
231 error stack Error: EACCES, mkdir '/Users/radjiv/.npm/request/2.48.0'
232 verbose exit [ 3, true ]
